[INFO] Scanning for projects...
[INFO] 
[INFO] -----------------------< com.InvestIA:InvestIA >------------------------
[INFO] Building InvestIA 0.0.1-SNAPSHOT
[INFO]   from pom.xml
[INFO] --------------------------------[ jar ]---------------------------------
[INFO] 
[INFO] >>> spring-boot:3.5.3:run (default-cli) > test-compile @ InvestIA >>>
[INFO] 
[INFO] --- resources:3.3.1:resources (default-resources) @ InvestIA ---
[INFO] Copying 1 resource from src/main/resources to target/classes
[INFO] Copying 1 resource from src/main/resources to target/classes
[INFO] 
[INFO] --- compiler:3.14.0:compile (default-compile) @ InvestIA ---
[INFO] Nothing to compile - all classes are up to date.
[INFO] 
[INFO] --- resources:3.3.1:testResources (default-testResources) @ InvestIA ---
[INFO] Copying 1 resource from src/test/resources to target/test-classes
[INFO] 
[INFO] --- compiler:3.14.0:testCompile (default-testCompile) @ InvestIA ---
[INFO] Nothing to compile - all classes are up to date.
[INFO] 
[INFO] <<< spring-boot:3.5.3:run (default-cli) < test-compile @ InvestIA <<<
[INFO] 
[INFO] 
[INFO] --- spring-boot:3.5.3:run (default-cli) @ InvestIA ---
[INFO] Attaching agents: []

  .   ____          _            __ _ _
 /\\ / ___'_ __ _ _(_)_ __  __ _ \ \ \ \
( ( )\___ | '_ | '_| | '_ \/ _` | \ \ \ \
 \\/  ___)| |_)| | | | | || (_| |  ) ) ) )
  '  |____| .__|_| |_|_| |_\__, | / / / /
 =========|_|==============|___/=/_/_/_/

 :: Spring Boot ::                (v3.5.3)

2025-07-21T21:04:48.134-03:00  INFO 70895 --- [InvestIA] [           main] com.InvestIA.InvestIaApplication         : Starting InvestIaApplication using Java 21.0.7 with PID 70895 (/Users/thiagoalves/Desktop/Invest-IA/Backend/target/classes started by thiagoalves in /Users/thiagoalves/Desktop/Invest-IA/Backend)
2025-07-21T21:04:48.135-03:00  INFO 70895 --- [InvestIA] [           main] com.InvestIA.InvestIaApplication         : No active profile set, falling back to 1 default profile: "default"
2025-07-21T21:04:48.436-03:00  INFO 70895 --- [InvestIA] [           main] .s.d.r.c.RepositoryConfigurationDelegate : Bootstrapping Spring Data JPA repositories in DEFAULT mode.
2025-07-21T21:04:48.494-03:00  INFO 70895 --- [InvestIA] [           main] .s.d.r.c.RepositoryConfigurationDelegate : Finished Spring Data repository scanning in 54 ms. Found 5 JPA repository interfaces.
2025-07-21T21:04:48.703-03:00  INFO 70895 --- [InvestIA] [           main] o.s.b.w.embedded.tomcat.TomcatWebServer  : Tomcat initialized with port 8080 (http)
2025-07-21T21:04:48.708-03:00  INFO 70895 --- [InvestIA] [           main] o.apache.catalina.core.StandardService   : Starting service [Tomcat]
2025-07-21T21:04:48.708-03:00  INFO 70895 --- [InvestIA] [           main] o.apache.catalina.core.StandardEngine    : Starting Servlet engine: [Apache Tomcat/10.1.42]
2025-07-21T21:04:48.726-03:00  INFO 70895 --- [InvestIA] [           main] o.a.c.c.C.[Tomcat].[localhost].[/]       : Initializing Spring embedded WebApplicationContext
2025-07-21T21:04:48.727-03:00  INFO 70895 --- [InvestIA] [           main] w.s.c.ServletWebServerApplicationContext : Root WebApplicationContext: initialization completed in 577 ms
2025-07-21T21:04:48.770-03:00  INFO 70895 --- [InvestIA] [           main] o.hibernate.jpa.internal.util.LogHelper  : HHH000204: Processing PersistenceUnitInfo [name: default]
2025-07-21T21:04:48.794-03:00  INFO 70895 --- [InvestIA] [           main] org.hibernate.Version                    : HHH000412: Hibernate ORM core version 6.6.18.Final
2025-07-21T21:04:48.811-03:00  INFO 70895 --- [InvestIA] [           main] o.h.c.internal.RegionFactoryInitiator    : HHH000026: Second-level cache disabled
2025-07-21T21:04:48.897-03:00  INFO 70895 --- [InvestIA] [           main] o.s.o.j.p.SpringPersistenceUnitInfo      : No LoadTimeWeaver setup: ignoring JPA class transformer
2025-07-21T21:04:48.907-03:00  INFO 70895 --- [InvestIA] [           main] com.zaxxer.hikari.HikariDataSource       : HikariPool-1 - Starting...
2025-07-21T21:04:48.978-03:00  INFO 70895 --- [InvestIA] [           main] com.zaxxer.hikari.pool.HikariPool        : HikariPool-1 - Added connection conn0: url=jdbc:h2:file:./data/investia user=SA
2025-07-21T21:04:48.979-03:00  INFO 70895 --- [InvestIA] [           main] com.zaxxer.hikari.HikariDataSource       : HikariPool-1 - Start completed.
2025-07-21T21:04:48.988-03:00  WARN 70895 --- [InvestIA] [           main] org.hibernate.orm.deprecation            : HHH90000025: H2Dialect does not need to be specified explicitly using 'hibernate.dialect' (remove the property setting and it will be selected by default)
2025-07-21T21:04:48.994-03:00  INFO 70895 --- [InvestIA] [           main] org.hibernate.orm.connections.pooling    : HHH10001005: Database info:
	Database JDBC URL [Connecting through datasource 'HikariDataSource (HikariPool-1)']
	Database driver: undefined/unknown
	Database version: 2.3.232
	Autocommit mode: undefined/unknown
	Isolation level: undefined/unknown
	Minimum pool size: undefined/unknown
	Maximum pool size: undefined/unknown
2025-07-21T21:04:49.344-03:00  INFO 70895 --- [InvestIA] [           main] o.h.e.t.j.p.i.JtaPlatformInitiator       : HHH000489: No JTA platform available (set 'hibernate.transaction.jta.platform' to enable JTA platform integration)
Hibernate: 
    create table ativos (
        id uuid not null,
        criado_em timestamp(6),
        descricao TEXT,
        nome varchar(255) not null,
        preco_atual numeric(15,2),
        risco float(53),
        setor enum ('AGRONEGOCIO','CONSUMO','ENERGIA','FINANCEIRO','IMOBILIARIO','INDUSTRIAL','MATERIAIS_BASICOS','OUTRO','PETROLEO_GAS','SAUDE','TECNOLOGIA','TELECOMUNICACOES','UTILIDADE_PUBLICA','VAREJO'),
        simbolo varchar(255) not null,
        status boolean not null,
        ticker varchar(255) not null,
        tipo_ativo enum ('ACAO','BDR','CDB','CRIPTO','DEBENTURE','ETF','FII','FUNDO_MULTIMERCADO','FUNDO_RENDA_FIXA','LCI_LCA','TESOURO_DIRETO') not null,
        ultima_atualizacao timestamp(6),
        variacao_anual numeric(5,2),
        variacao_diaria numeric(5,2),
        variacao_mensal numeric(5,2),
        primary key (id)
    )
Hibernate: 
    create table investimentos (
        id uuid not null,
        ativo_status boolean not null,
        atualizado_em timestamp(6),
        criado_em timestamp(6),
        data_compra date,
        quantidade integer,
        valor_atual numeric(15,2),
        valor_medio_compra numeric(15,2),
        valor_total_investido numeric(15,2),
        ativo_id uuid not null,
        usuario_id uuid not null,
        primary key (id)
    )
Hibernate: 
    create table metas (
        id uuid not null,
        aporte_mensal_sugerido numeric(15,2),
        atualizado_em timestamp(6),
        criado_em timestamp(6),
        descricao varchar(255),
        estrategia_sugerida TEXT,
        nome varchar(255) not null,
        prazo date,
        status enum ('CANCELADA','CONCLUIDA','EM_ANDAMENTO','PAUSADA'),
        valor_atual numeric(15,2),
        valor_objetivo numeric(15,2) not null,
        usuario_id uuid not null,
        primary key (id)
    )
Hibernate: 
    create table perfis (
        id uuid not null,
        atualizado_em timestamp(6),
        criado_em timestamp(6),
        horizonte_investimento integer,
        nivel_experiencia enum ('AVANCADO','EXPERT','INICIANTE','INTERMEDIARIO') not null,
        pontuacao_simulado integer,
        respostas_simulado TEXT,
        tipo_perfil enum ('AGRESSIVO','CONSERVADOR','MODERADO') not null,
        tolerancia_risco float(53),
        usuario_id uuid,
        primary key (id)
    )
Hibernate: 
    create table usuarios (
        id uuid not null,
        ativo boolean not null,
        atualizado_em timestamp(6),
        criado_em timestamp(6),
        email varchar(255) not null,
        nome varchar(255) not null,
        senha varchar(255) not null,
        telefone varchar(255),
        primary key (id)
    )
Hibernate: 
    alter table if exists ativos 
       drop constraint if exists UKq1pid97c1ai106thfix31det5
Hibernate: 
    alter table if exists ativos 
       add constraint UKq1pid97c1ai106thfix31det5 unique (simbolo)
Hibernate: 
    alter table if exists ativos 
       drop constraint if exists UKrxswx9x84j74jugx973fw4jcb
Hibernate: 
    alter table if exists ativos 
       add constraint UKrxswx9x84j74jugx973fw4jcb unique (ticker)
Hibernate: 
    alter table if exists perfis 
       drop constraint if exists UKhoni3lqbi3arshfqh1rkrw9r
Hibernate: 
    alter table if exists perfis 
       add constraint UKhoni3lqbi3arshfqh1rkrw9r unique (usuario_id)
Hibernate: 
    alter table if exists usuarios 
       drop constraint if exists UKkfsp0s1tflm1cwlj8idhqsad0
Hibernate: 
    alter table if exists usuarios 
       add constraint UKkfsp0s1tflm1cwlj8idhqsad0 unique (email)
Hibernate: 
    alter table if exists investimentos 
       add constraint FKptmah64308tsa7wkc4a7i70bh 
       foreign key (ativo_id) 
       references ativos
Hibernate: 
    alter table if exists investimentos 
       add constraint FKbf5kmckdvcq6x0woho5gsxmhb 
       foreign key (usuario_id) 
       references usuarios
Hibernate: 
    alter table if exists metas 
       add constraint FKp2p60fjggyqg6nj3xa25eurbu 
       foreign key (usuario_id) 
       references usuarios
Hibernate: 
    alter table if exists perfis 
       add constraint FK4khnbs8y5xgijftx9c34bbpg 
       foreign key (usuario_id) 
       references usuarios
2025-07-21T21:04:49.374-03:00  INFO 70895 --- [InvestIA] [           main] j.LocalContainerEntityManagerFactoryBean : Initialized JPA EntityManagerFactory for persistence unit 'default'
2025-07-21T21:04:49.508-03:00  INFO 70895 --- [InvestIA] [           main] eAuthenticationProviderManagerConfigurer : Global AuthenticationManager configured with AuthenticationProvider bean with name authenticationProvider
2025-07-21T21:04:49.509-03:00  WARN 70895 --- [InvestIA] [           main] r$InitializeUserDetailsManagerConfigurer : Global AuthenticationManager configured with an AuthenticationProvider bean. UserDetailsService beans will not be used by Spring Security for automatically configuring username/password login. Consider removing the AuthenticationProvider bean. Alternatively, consider using the UserDetailsService in a manually instantiated DaoAuthenticationProvider. If the current configuration is intentional, to turn off this warning, increase the logging level of 'org.springframework.security.config.annotation.authentication.configuration.InitializeUserDetailsBeanManagerConfigurer' to ERROR
2025-07-21T21:04:49.606-03:00  WARN 70895 --- [InvestIA] [           main] JpaBaseConfiguration$JpaWebConfiguration : spring.jpa.open-in-view is enabled by default. Therefore, database queries may be performed during view rendering. Explicitly configure spring.jpa.open-in-view to disable this warning
2025-07-21T21:04:49.696-03:00 DEBUG 70895 --- [InvestIA] [           main] o.s.s.web.DefaultSecurityFilterChain     : Will secure any request with filters: DisableEncodeUrlFilter, WebAsyncManagerIntegrationFilter, SecurityContextHolderFilter, HeaderWriterFilter, CorsFilter, LogoutFilter, JwtAuthenticationFilter, RequestCacheAwareFilter, SecurityContextHolderAwareRequestFilter, AnonymousAuthenticationFilter, SessionManagementFilter, ExceptionTranslationFilter, AuthorizationFilter
2025-07-21T21:04:49.839-03:00  INFO 70895 --- [InvestIA] [           main] o.s.b.a.h2.H2ConsoleAutoConfiguration    : H2 console available at '/h2-console'. Database available at 'jdbc:h2:file:./data/investia'
2025-07-21T21:04:49.875-03:00  WARN 70895 --- [InvestIA] [           main] ConfigServletWebServerApplicationContext : Exception encountered during context initialization - cancelling refresh attempt: org.springframework.context.ApplicationContextException: Failed to start bean 'webServerStartStop'
2025-07-21T21:04:49.877-03:00  INFO 70895 --- [InvestIA] [           main] j.LocalContainerEntityManagerFactoryBean : Closing JPA EntityManagerFactory for persistence unit 'default'
2025-07-21T21:04:49.877-03:00  INFO 70895 --- [InvestIA] [           main] com.zaxxer.hikari.HikariDataSource       : HikariPool-1 - Shutdown initiated...
2025-07-21T21:04:49.882-03:00  INFO 70895 --- [InvestIA] [           main] com.zaxxer.hikari.HikariDataSource       : HikariPool-1 - Shutdown completed.
2025-07-21T21:04:49.888-03:00  INFO 70895 --- [InvestIA] [           main] .s.b.a.l.ConditionEvaluationReportLogger : 

Error starting ApplicationContext. To display the condition evaluation report re-run your application with 'debug' enabled.
2025-07-21T21:04:49.893-03:00 ERROR 70895 --- [InvestIA] [           main] o.s.b.d.LoggingFailureAnalysisReporter   : 

***************************
APPLICATION FAILED TO START
***************************

Description:

Web server failed to start. Port 8080 was already in use.

Action:

Identify and stop the process that's listening on port 8080 or configure this application to listen on another port.

[INFO] ------------------------------------------------------------------------
[INFO] BUILD FAILURE
[INFO] ------------------------------------------------------------------------
[INFO] Total time:  2.691 s
[INFO] Finished at: 2025-07-21T21:04:49-03:00
[INFO] ------------------------------------------------------------------------
[ERROR] Failed to execute goal org.springframework.boot:spring-boot-maven-plugin:3.5.3:run (default-cli) on project InvestIA: Process terminated with exit code: 1 -> [Help 1]
[ERROR] 
[ERROR] To see the full stack trace of the errors, re-run Maven with the -e switch.
[ERROR] Re-run Maven using the -X switch to enable full debug logging.
[ERROR] 
[ERROR] For more information about the errors and possible solutions, please read the following articles:
[ERROR] [Help 1] http://cwiki.apache.org/confluence/display/MAVEN/MojoExecutionException
